2023-07-18 14:16:42,948 CRIT Supervisor is running as root.  Privileges were not dropped because no user is specified in the config file.  If you intend to run as root, you can set user=root in the config file to avoid this message.
2023-07-18 14:16:42,959 INFO supervisord started with pid 1
2023-07-18 14:16:43,961 INFO spawned: 'dspaceAngular' with pid 8
2023-07-18 14:16:45,153 INFO success: dspaceAngular entered RUNNING state, process has stayed up for > than 1 seconds (startsecs)
2023-07-18 14:28:36,780 WARN received SIGTERM indicating exit request
2023-07-18 14:28:36,780 INFO waiting for dspaceAngular to die
2023-07-18 14:28:36,797 INFO stopped: dspaceAngular (terminated by SIGTERM)
2023-07-18 14:28:36,797 INFO reaped unknown pid 38
2023-07-18 14:28:36,797 INFO reaped unknown pid 9
2023-07-18 14:28:36,797 INFO reaped unknown pid 37
2023-07-18 14:28:37,391 CRIT Supervisor is running as root.  Privileges were not dropped because no user is specified in the config file.  If you intend to run as root, you can set user=root in the config file to avoid this message.
2023-07-18 14:28:37,393 INFO supervisord started with pid 1
2023-07-18 14:28:38,396 INFO spawned: 'dspaceAngular' with pid 8
2023-07-18 14:28:39,517 INFO success: dspaceAngular entered RUNNING state, process has stayed up for > than 1 seconds (startsecs)
2023-07-27 16:26:44,864 CRIT Supervisor is running as root.  Privileges were not dropped because no user is specified in the config file.  If you intend to run as root, you can set user=root in the config file to avoid this message.
2023-07-27 16:26:44,868 INFO supervisord started with pid 1
2023-07-27 16:26:45,870 INFO spawned: 'dspaceAngular' with pid 8
2023-07-27 16:26:46,972 INFO success: dspaceAngular entered RUNNING state, process has stayed up for > than 1 seconds (startsecs)
2023-08-16 18:28:07,540 WARN received SIGTERM indicating exit request
2023-08-16 18:28:07,546 INFO waiting for dspaceAngular to die
2023-08-16 18:28:07,585 INFO stopped: dspaceAngular (terminated by SIGTERM)
2023-08-16 18:28:07,585 INFO reaped unknown pid 38
2023-08-16 18:28:07,585 INFO reaped unknown pid 9
2023-08-16 18:28:07,585 INFO reaped unknown pid 37
2023-08-16 18:28:08,443 CRIT Supervisor is running as root.  Privileges were not dropped because no user is specified in the config file.  If you intend to run as root, you can set user=root in the config file to avoid this message.
2023-08-16 18:28:08,449 INFO supervisord started with pid 1
2023-08-16 18:28:09,451 INFO spawned: 'dspaceAngular' with pid 8
2023-08-16 18:28:10,790 INFO success: dspaceAngular entered RUNNING state, process has stayed up for > than 1 seconds (startsecs)
2023-08-16 18:31:53,912 WARN received SIGTERM indicating exit request
2023-08-16 18:31:53,912 INFO waiting for dspaceAngular to die
2023-08-16 18:31:53,926 INFO stopped: dspaceAngular (terminated by SIGTERM)
2023-08-16 18:31:53,927 INFO reaped unknown pid 38
2023-08-16 18:31:53,927 INFO reaped unknown pid 9
2023-08-16 18:31:53,927 INFO reaped unknown pid 37
2023-08-16 18:31:54,527 CRIT Supervisor is running as root.  Privileges were not dropped because no user is specified in the config file.  If you intend to run as root, you can set user=root in the config file to avoid this message.
2023-08-16 18:31:54,529 INFO supervisord started with pid 1
2023-08-16 18:31:55,531 INFO spawned: 'dspaceAngular' with pid 8
2023-08-16 18:31:56,613 INFO success: dspaceAngular entered RUNNING state, process has stayed up for > than 1 seconds (startsecs)
2023-08-17 13:18:12,087 WARN received SIGTERM indicating exit request
2023-08-17 13:18:12,091 INFO waiting for dspaceAngular to die
2023-08-17 13:18:12,118 INFO stopped: dspaceAngular (terminated by SIGTERM)
2023-08-17 13:18:12,118 INFO reaped unknown pid 38
2023-08-17 13:18:12,118 INFO reaped unknown pid 9
2023-08-17 13:18:12,118 INFO reaped unknown pid 37
2023-08-17 13:18:12,990 CRIT Supervisor is running as root.  Privileges were not dropped because no user is specified in the config file.  If you intend to run as root, you can set user=root in the config file to avoid this message.
2023-08-17 13:18:12,994 INFO supervisord started with pid 1
2023-08-17 13:18:13,996 INFO spawned: 'dspaceAngular' with pid 8
2023-08-17 13:18:15,613 INFO success: dspaceAngular entered RUNNING state, process has stayed up for > than 1 seconds (startsecs)
2023-09-02 12:51:34,106 CRIT Supervisor is running as root.  Privileges were not dropped because no user is specified in the config file.  If you intend to run as root, you can set user=root in the config file to avoid this message.
2023-09-02 12:51:34,113 INFO supervisord started with pid 1
2023-09-02 12:51:35,120 INFO spawned: 'dspaceAngular' with pid 8
2023-09-02 12:51:36,142 INFO success: dspaceAngular entered RUNNING state, process has stayed up for > than 1 seconds (startsecs)
2023-09-02 19:28:59,022 WARN received SIGTERM indicating exit request
2023-09-02 19:28:59,022 INFO waiting for dspaceAngular to die
2023-09-02 19:28:59,042 INFO stopped: dspaceAngular (terminated by SIGTERM)
2023-09-02 19:28:59,042 INFO reaped unknown pid 38
2023-09-02 19:28:59,042 INFO reaped unknown pid 9
2023-09-02 19:28:59,042 INFO reaped unknown pid 37
2023-09-02 19:28:59,656 CRIT Supervisor is running as root.  Privileges were not dropped because no user is specified in the config file.  If you intend to run as root, you can set user=root in the config file to avoid this message.
2023-09-02 19:28:59,659 INFO supervisord started with pid 1
2023-09-02 19:29:00,660 INFO spawned: 'dspaceAngular' with pid 8
2023-09-02 19:29:01,893 INFO success: dspaceAngular entered RUNNING state, process has stayed up for > than 1 seconds (startsecs)
2023-09-02 19:47:37,979 WARN received SIGTERM indicating exit request
2023-09-02 19:47:37,980 INFO waiting for dspaceAngular to die
2023-09-02 19:47:37,996 INFO stopped: dspaceAngular (terminated by SIGTERM)
2023-09-02 19:47:37,996 INFO reaped unknown pid 38
2023-09-02 19:47:37,996 INFO reaped unknown pid 9
2023-09-02 19:47:37,996 INFO reaped unknown pid 37
2023-09-02 19:47:38,621 CRIT Supervisor is running as root.  Privileges were not dropped because no user is specified in the config file.  If you intend to run as root, you can set user=root in the config file to avoid this message.
2023-09-02 19:47:38,623 INFO supervisord started with pid 1
2023-09-02 19:47:39,626 INFO spawned: 'dspaceAngular' with pid 8
2023-09-02 19:47:40,814 INFO success: dspaceAngular entered RUNNING state, process has stayed up for > than 1 seconds (startsecs)
2023-09-02 19:54:54,131 WARN received SIGTERM indicating exit request
2023-09-02 19:54:54,131 INFO waiting for dspaceAngular to die
2023-09-02 19:54:54,147 INFO stopped: dspaceAngular (terminated by SIGTERM)
2023-09-02 19:54:54,147 INFO reaped unknown pid 38
2023-09-02 19:54:54,147 INFO reaped unknown pid 9
2023-09-02 19:54:54,148 INFO reaped unknown pid 37
2023-09-02 19:54:54,728 CRIT Supervisor is running as root.  Privileges were not dropped because no user is specified in the config file.  If you intend to run as root, you can set user=root in the config file to avoid this message.
2023-09-02 19:54:54,730 INFO supervisord started with pid 1
2023-09-02 19:54:55,733 INFO spawned: 'dspaceAngular' with pid 8
2023-09-02 19:54:57,018 INFO success: dspaceAngular entered RUNNING state, process has stayed up for > than 1 seconds (startsecs)
2023-09-11 11:45:56,196 WARN received SIGTERM indicating exit request
2023-09-11 11:45:56,201 INFO waiting for dspaceAngular to die
2023-09-11 11:45:56,254 INFO stopped: dspaceAngular (terminated by SIGTERM)
2023-09-11 11:45:56,255 INFO reaped unknown pid 38
2023-09-11 11:45:56,255 INFO reaped unknown pid 9
2023-09-11 11:45:56,255 INFO reaped unknown pid 37
2023-09-11 11:45:57,240 CRIT Supervisor is running as root.  Privileges were not dropped because no user is specified in the config file.  If you intend to run as root, you can set user=root in the config file to avoid this message.
2023-09-11 11:45:57,246 INFO supervisord started with pid 1
2023-09-11 11:45:58,249 INFO spawned: 'dspaceAngular' with pid 8
2023-09-11 11:45:59,981 INFO success: dspaceAngular entered RUNNING state, process has stayed up for > than 1 seconds (startsecs)
2023-09-13 13:53:05,327 WARN received SIGTERM indicating exit request
2023-09-13 13:53:05,331 INFO waiting for dspaceAngular to die
2023-09-13 13:53:05,350 INFO stopped: dspaceAngular (terminated by SIGTERM)
2023-09-13 13:53:05,350 INFO reaped unknown pid 38
2023-09-13 13:53:05,350 INFO reaped unknown pid 9
2023-09-13 13:53:05,351 INFO reaped unknown pid 37
2023-09-13 13:53:06,270 CRIT Supervisor is running as root.  Privileges were not dropped because no user is specified in the config file.  If you intend to run as root, you can set user=root in the config file to avoid this message.
2023-09-13 13:53:06,275 INFO supervisord started with pid 1
2023-09-13 13:53:07,278 INFO spawned: 'dspaceAngular' with pid 7
2023-09-13 13:53:08,834 INFO success: dspaceAngular entered RUNNING state, process has stayed up for > than 1 seconds (startsecs)
2023-09-13 14:05:39,837 WARN received SIGTERM indicating exit request
2023-09-13 14:05:39,838 INFO waiting for dspaceAngular to die
2023-09-13 14:05:39,864 INFO stopped: dspaceAngular (terminated by SIGTERM)
2023-09-13 14:05:39,864 INFO reaped unknown pid 37
2023-09-13 14:05:39,864 INFO reaped unknown pid 8
2023-09-13 14:05:39,864 INFO reaped unknown pid 36
2023-09-13 14:05:40,730 CRIT Supervisor is running as root.  Privileges were not dropped because no user is specified in the config file.  If you intend to run as root, you can set user=root in the config file to avoid this message.
2023-09-13 14:05:40,733 INFO supervisord started with pid 1
2023-09-13 14:05:41,736 INFO spawned: 'dspaceAngular' with pid 8
2023-09-13 14:05:43,093 INFO success: dspaceAngular entered RUNNING state, process has stayed up for > than 1 seconds (startsecs)
2023-09-13 14:19:12,727 WARN received SIGTERM indicating exit request
2023-09-13 14:19:12,728 INFO waiting for dspaceAngular to die
2023-09-13 14:19:12,741 INFO stopped: dspaceAngular (terminated by SIGTERM)
2023-09-13 14:19:12,742 INFO reaped unknown pid 38
2023-09-13 14:19:12,742 INFO reaped unknown pid 9
2023-09-13 14:19:12,742 INFO reaped unknown pid 37
2023-09-13 14:19:13,532 CRIT Supervisor is running as root.  Privileges were not dropped because no user is specified in the config file.  If you intend to run as root, you can set user=root in the config file to avoid this message.
2023-09-13 14:19:13,535 INFO supervisord started with pid 1
2023-09-13 14:19:14,537 INFO spawned: 'dspaceAngular' with pid 8
2023-09-13 14:19:15,934 INFO success: dspaceAngular entered RUNNING state, process has stayed up for > than 1 seconds (startsecs)
2023-09-13 14:51:46,485 WARN received SIGTERM indicating exit request
2023-09-13 14:51:46,485 INFO waiting for dspaceAngular to die
2023-09-13 14:51:46,501 INFO stopped: dspaceAngular (terminated by SIGTERM)
2023-09-13 14:51:46,501 INFO reaped unknown pid 38
2023-09-13 14:51:46,501 INFO reaped unknown pid 9
2023-09-13 14:51:46,501 INFO reaped unknown pid 37
2023-09-13 14:51:47,128 CRIT Supervisor is running as root.  Privileges were not dropped because no user is specified in the config file.  If you intend to run as root, you can set user=root in the config file to avoid this message.
2023-09-13 14:51:47,131 INFO supervisord started with pid 1
2023-09-13 14:51:48,133 INFO spawned: 'dspaceAngular' with pid 8
2023-09-13 14:51:49,566 INFO success: dspaceAngular entered RUNNING state, process has stayed up for > than 1 seconds (startsecs)
2023-09-13 15:15:09,602 WARN received SIGTERM indicating exit request
2023-09-13 15:15:09,602 INFO waiting for dspaceAngular to die
2023-09-13 15:15:09,617 INFO stopped: dspaceAngular (terminated by SIGTERM)
2023-09-13 15:15:09,618 INFO reaped unknown pid 38
2023-09-13 15:15:09,618 INFO reaped unknown pid 9
2023-09-13 15:15:09,618 INFO reaped unknown pid 37
2023-09-13 15:15:10,349 CRIT Supervisor is running as root.  Privileges were not dropped because no user is specified in the config file.  If you intend to run as root, you can set user=root in the config file to avoid this message.
2023-09-13 15:15:10,351 INFO supervisord started with pid 1
2023-09-13 15:15:11,354 INFO spawned: 'dspaceAngular' with pid 8
2023-09-13 15:15:12,755 INFO success: dspaceAngular entered RUNNING state, process has stayed up for > than 1 seconds (startsecs)
2023-09-13 15:15:42,022 WARN received SIGTERM indicating exit request
2023-09-13 15:15:42,022 INFO waiting for dspaceAngular to die
2023-09-13 15:15:42,044 INFO stopped: dspaceAngular (terminated by SIGTERM)
2023-09-13 15:15:42,044 INFO reaped unknown pid 38
2023-09-13 15:15:42,044 INFO reaped unknown pid 9
2023-09-13 15:15:42,044 INFO reaped unknown pid 37
2023-09-13 15:15:42,880 CRIT Supervisor is running as root.  Privileges were not dropped because no user is specified in the config file.  If you intend to run as root, you can set user=root in the config file to avoid this message.
2023-09-13 15:15:42,883 INFO supervisord started with pid 1
2023-09-13 15:15:43,886 INFO spawned: 'dspaceAngular' with pid 7
2023-09-13 15:15:45,299 INFO success: dspaceAngular entered RUNNING state, process has stayed up for > than 1 seconds (startsecs)
2023-09-13 15:28:46,713 WARN received SIGTERM indicating exit request
2023-09-13 15:28:46,713 INFO waiting for dspaceAngular to die
2023-09-13 15:28:46,733 INFO stopped: dspaceAngular (terminated by SIGTERM)
2023-09-13 15:28:46,734 INFO reaped unknown pid 37
2023-09-13 15:28:46,734 INFO reaped unknown pid 8
2023-09-13 15:28:46,734 INFO reaped unknown pid 36
2023-09-13 15:28:47,581 CRIT Supervisor is running as root.  Privileges were not dropped because no user is specified in the config file.  If you intend to run as root, you can set user=root in the config file to avoid this message.
2023-09-13 15:28:47,584 INFO supervisord started with pid 1
2023-09-13 15:28:48,587 INFO spawned: 'dspaceAngular' with pid 8
2023-09-13 15:28:49,980 INFO success: dspaceAngular entered RUNNING state, process has stayed up for > than 1 seconds (startsecs)
2023-09-13 16:43:44,043 WARN received SIGTERM indicating exit request
2023-09-13 16:43:44,045 INFO waiting for dspaceAngular to die
2023-09-13 16:43:44,067 INFO stopped: dspaceAngular (terminated by SIGTERM)
2023-09-13 16:43:44,067 INFO reaped unknown pid 38
2023-09-13 16:43:44,067 INFO reaped unknown pid 9
2023-09-13 16:43:44,067 INFO reaped unknown pid 37
2023-09-13 16:43:44,789 CRIT Supervisor is running as root.  Privileges were not dropped because no user is specified in the config file.  If you intend to run as root, you can set user=root in the config file to avoid this message.
2023-09-13 16:43:44,792 INFO supervisord started with pid 1
2023-09-13 16:43:45,794 INFO spawned: 'dspaceAngular' with pid 8
2023-09-13 16:43:47,243 INFO success: dspaceAngular entered RUNNING state, process has stayed up for > than 1 seconds (startsecs)
2023-09-13 16:47:16,697 WARN received SIGTERM indicating exit request
2023-09-13 16:47:16,698 INFO waiting for dspaceAngular to die
2023-09-13 16:47:16,718 INFO stopped: dspaceAngular (terminated by SIGTERM)
2023-09-13 16:47:16,718 INFO reaped unknown pid 38
2023-09-13 16:47:16,718 INFO reaped unknown pid 9
2023-09-13 16:47:16,718 INFO reaped unknown pid 37
2023-09-13 16:47:17,353 CRIT Supervisor is running as root.  Privileges were not dropped because no user is specified in the config file.  If you intend to run as root, you can set user=root in the config file to avoid this message.
2023-09-13 16:47:17,355 INFO supervisord started with pid 1
2023-09-13 16:47:18,356 INFO spawned: 'dspaceAngular' with pid 8
2023-09-13 16:47:19,743 INFO success: dspaceAngular entered RUNNING state, process has stayed up for > than 1 seconds (startsecs)
2023-09-13 16:53:45,635 WARN received SIGTERM indicating exit request
2023-09-13 16:53:45,636 INFO waiting for dspaceAngular to die
2023-09-13 16:53:45,661 INFO stopped: dspaceAngular (terminated by SIGTERM)
2023-09-13 16:53:45,661 INFO reaped unknown pid 38
2023-09-13 16:53:45,662 INFO reaped unknown pid 9
2023-09-13 16:53:45,662 INFO reaped unknown pid 37
2023-09-13 16:53:46,699 CRIT Supervisor is running as root.  Privileges were not dropped because no user is specified in the config file.  If you intend to run as root, you can set user=root in the config file to avoid this message.
2023-09-13 16:53:46,702 INFO supervisord started with pid 1
2023-09-13 16:53:47,705 INFO spawned: 'dspaceAngular' with pid 8
2023-09-13 16:53:49,121 INFO success: dspaceAngular entered RUNNING state, process has stayed up for > than 1 seconds (startsecs)
2023-09-13 16:56:33,196 WARN received SIGTERM indicating exit request
2023-09-13 16:56:33,196 INFO waiting for dspaceAngular to die
2023-09-13 16:56:33,215 INFO stopped: dspaceAngular (terminated by SIGTERM)
2023-09-13 16:56:33,215 INFO reaped unknown pid 38
2023-09-13 16:56:33,215 INFO reaped unknown pid 9
2023-09-13 16:56:33,215 INFO reaped unknown pid 37
2023-09-13 16:56:33,967 CRIT Supervisor is running as root.  Privileges were not dropped because no user is specified in the config file.  If you intend to run as root, you can set user=root in the config file to avoid this message.
2023-09-13 16:56:33,971 INFO supervisord started with pid 1
2023-09-13 16:56:34,974 INFO spawned: 'dspaceAngular' with pid 8
2023-09-13 16:56:36,430 INFO success: dspaceAngular entered RUNNING state, process has stayed up for > than 1 seconds (startsecs)
2023-09-13 16:58:37,790 WARN received SIGTERM indicating exit request
2023-09-13 16:58:37,790 INFO waiting for dspaceAngular to die
2023-09-13 16:58:37,811 INFO stopped: dspaceAngular (terminated by SIGTERM)
2023-09-13 16:58:37,811 INFO reaped unknown pid 38
2023-09-13 16:58:37,811 INFO reaped unknown pid 9
2023-09-13 16:58:37,811 INFO reaped unknown pid 37
2023-09-13 16:58:38,442 CRIT Supervisor is running as root.  Privileges were not dropped because no user is specified in the config file.  If you intend to run as root, you can set user=root in the config file to avoid this message.
2023-09-13 16:58:38,445 INFO supervisord started with pid 1
2023-09-13 16:58:39,447 INFO spawned: 'dspaceAngular' with pid 8
2023-09-13 16:58:40,878 INFO success: dspaceAngular entered RUNNING state, process has stayed up for > than 1 seconds (startsecs)
2023-09-13 17:00:01,285 WARN received SIGTERM indicating exit request
2023-09-13 17:00:01,285 INFO waiting for dspaceAngular to die
2023-09-13 17:00:01,306 INFO stopped: dspaceAngular (terminated by SIGTERM)
2023-09-13 17:00:01,306 INFO reaped unknown pid 38
2023-09-13 17:00:01,306 INFO reaped unknown pid 9
2023-09-13 17:00:01,306 INFO reaped unknown pid 37
2023-09-13 17:00:02,143 CRIT Supervisor is running as root.  Privileges were not dropped because no user is specified in the config file.  If you intend to run as root, you can set user=root in the config file to avoid this message.
2023-09-13 17:00:02,146 INFO supervisord started with pid 1
2023-09-13 17:00:03,149 INFO spawned: 'dspaceAngular' with pid 9
2023-09-13 17:00:04,566 INFO success: dspaceAngular entered RUNNING state, process has stayed up for > than 1 seconds (startsecs)
2023-09-13 17:01:24,987 WARN received SIGTERM indicating exit request
2023-09-13 17:01:24,988 INFO waiting for dspaceAngular to die
2023-09-13 17:01:25,005 INFO stopped: dspaceAngular (terminated by SIGTERM)
2023-09-13 17:01:25,005 INFO reaped unknown pid 39
2023-09-13 17:01:25,005 INFO reaped unknown pid 10
2023-09-13 17:01:25,005 INFO reaped unknown pid 38
2023-09-13 17:01:25,716 CRIT Supervisor is running as root.  Privileges were not dropped because no user is specified in the config file.  If you intend to run as root, you can set user=root in the config file to avoid this message.
2023-09-13 17:01:25,719 INFO supervisord started with pid 1
2023-09-13 17:01:26,722 INFO spawned: 'dspaceAngular' with pid 8
2023-09-13 17:01:28,183 INFO success: dspaceAngular entered RUNNING state, process has stayed up for > than 1 seconds (startsecs)
2023-09-13 17:02:48,484 WARN received SIGTERM indicating exit request
2023-09-13 17:02:48,485 INFO waiting for dspaceAngular to die
2023-09-13 17:02:48,503 INFO stopped: dspaceAngular (terminated by SIGTERM)
2023-09-13 17:02:48,504 INFO reaped unknown pid 38
2023-09-13 17:02:48,504 INFO reaped unknown pid 9
2023-09-13 17:02:48,504 INFO reaped unknown pid 37
2023-09-13 17:02:49,288 CRIT Supervisor is running as root.  Privileges were not dropped because no user is specified in the config file.  If you intend to run as root, you can set user=root in the config file to avoid this message.
2023-09-13 17:02:49,292 INFO supervisord started with pid 1
2023-09-13 17:02:50,295 INFO spawned: 'dspaceAngular' with pid 8
2023-09-13 17:02:51,774 INFO success: dspaceAngular entered RUNNING state, process has stayed up for > than 1 seconds (startsecs)
2023-09-13 17:13:34,160 WARN received SIGTERM indicating exit request
2023-09-13 17:13:34,161 INFO waiting for dspaceAngular to die
2023-09-13 17:13:34,183 INFO stopped: dspaceAngular (terminated by SIGTERM)
2023-09-13 17:13:34,183 INFO reaped unknown pid 38
2023-09-13 17:13:34,183 INFO reaped unknown pid 9
2023-09-13 17:13:34,183 INFO reaped unknown pid 37
2023-09-13 17:13:34,921 CRIT Supervisor is running as root.  Privileges were not dropped because no user is specified in the config file.  If you intend to run as root, you can set user=root in the config file to avoid this message.
2023-09-13 17:13:34,925 INFO supervisord started with pid 1
2023-09-13 17:13:35,927 INFO spawned: 'dspaceAngular' with pid 8
2023-09-13 17:13:37,341 INFO success: dspaceAngular entered RUNNING state, process has stayed up for > than 1 seconds (startsecs)
2023-09-13 17:20:25,044 WARN received SIGTERM indicating exit request
2023-09-13 17:20:25,045 INFO waiting for dspaceAngular to die
2023-09-13 17:20:25,066 INFO stopped: dspaceAngular (terminated by SIGTERM)
2023-09-13 17:20:25,066 INFO reaped unknown pid 38
2023-09-13 17:20:25,066 INFO reaped unknown pid 9
2023-09-13 17:20:25,066 INFO reaped unknown pid 37
2023-09-13 17:20:25,750 CRIT Supervisor is running as root.  Privileges were not dropped because no user is specified in the config file.  If you intend to run as root, you can set user=root in the config file to avoid this message.
2023-09-13 17:20:25,753 INFO supervisord started with pid 1
2023-09-13 17:20:26,756 INFO spawned: 'dspaceAngular' with pid 8
2023-09-13 17:20:28,129 INFO success: dspaceAngular entered RUNNING state, process has stayed up for > than 1 seconds (startsecs)
2023-09-13 17:22:23,617 WARN received SIGTERM indicating exit request
2023-09-13 17:22:23,617 INFO waiting for dspaceAngular to die
2023-09-13 17:22:23,638 INFO stopped: dspaceAngular (terminated by SIGTERM)
2023-09-13 17:22:23,638 INFO reaped unknown pid 38
2023-09-13 17:22:23,638 INFO reaped unknown pid 9
2023-09-13 17:22:23,638 INFO reaped unknown pid 37
2023-09-13 17:22:24,474 CRIT Supervisor is running as root.  Privileges were not dropped because no user is specified in the config file.  If you intend to run as root, you can set user=root in the config file to avoid this message.
2023-09-13 17:22:24,476 INFO supervisord started with pid 1
2023-09-13 17:22:25,479 INFO spawned: 'dspaceAngular' with pid 7
2023-09-13 17:22:26,869 INFO success: dspaceAngular entered RUNNING state, process has stayed up for > than 1 seconds (startsecs)
2023-09-16 14:18:31,831 WARN received SIGTERM indicating exit request
2023-09-16 14:18:31,833 INFO waiting for dspaceAngular to die
2023-09-16 14:18:31,853 INFO stopped: dspaceAngular (terminated by SIGTERM)
2023-09-16 14:18:31,854 INFO reaped unknown pid 37
2023-09-16 14:18:31,854 INFO reaped unknown pid 8
2023-09-16 14:18:31,854 INFO reaped unknown pid 36
2023-09-16 14:18:32,649 CRIT Supervisor is running as root.  Privileges were not dropped because no user is specified in the config file.  If you intend to run as root, you can set user=root in the config file to avoid this message.
2023-09-16 14:18:32,653 INFO supervisord started with pid 1
2023-09-16 14:18:33,656 INFO spawned: 'dspaceAngular' with pid 8
2023-09-16 14:18:35,144 INFO success: dspaceAngular entered RUNNING state, process has stayed up for > than 1 seconds (startsecs)
2023-09-16 14:20:24,803 WARN received SIGTERM indicating exit request
2023-09-16 14:20:24,804 INFO waiting for dspaceAngular to die
2023-09-16 14:20:24,837 INFO stopped: dspaceAngular (terminated by SIGTERM)
2023-09-16 14:20:24,837 INFO reaped unknown pid 38
2023-09-16 14:20:24,837 INFO reaped unknown pid 9
2023-09-16 14:20:24,837 INFO reaped unknown pid 37
2023-09-16 14:20:25,888 CRIT Supervisor is running as root.  Privileges were not dropped because no user is specified in the config file.  If you intend to run as root, you can set user=root in the config file to avoid this message.
2023-09-16 14:20:25,891 INFO supervisord started with pid 1
2023-09-16 14:20:26,894 INFO spawned: 'dspaceAngular' with pid 8
2023-09-16 14:20:28,334 INFO success: dspaceAngular entered RUNNING state, process has stayed up for > than 1 seconds (startsecs)
2023-09-16 14:24:14,926 WARN received SIGTERM indicating exit request
2023-09-16 14:24:14,927 INFO waiting for dspaceAngular to die
2023-09-16 14:24:14,941 INFO stopped: dspaceAngular (terminated by SIGTERM)
2023-09-16 14:24:14,941 INFO reaped unknown pid 38
2023-09-16 14:24:14,941 INFO reaped unknown pid 9
2023-09-16 14:24:14,941 INFO reaped unknown pid 37
2023-09-16 14:24:15,587 CRIT Supervisor is running as root.  Privileges were not dropped because no user is specified in the config file.  If you intend to run as root, you can set user=root in the config file to avoid this message.
2023-09-16 14:24:15,589 INFO supervisord started with pid 1
2023-09-16 14:24:16,592 INFO spawned: 'dspaceAngular' with pid 8
2023-09-16 14:24:18,063 INFO success: dspaceAngular entered RUNNING state, process has stayed up for > than 1 seconds (startsecs)
2023-09-16 14:34:49,963 WARN received SIGTERM indicating exit request
2023-09-16 14:34:49,963 INFO waiting for dspaceAngular to die
2023-09-16 14:34:49,983 INFO stopped: dspaceAngular (terminated by SIGTERM)
2023-09-16 14:34:49,983 INFO reaped unknown pid 38
2023-09-16 14:34:49,983 INFO reaped unknown pid 9
2023-09-16 14:34:49,983 INFO reaped unknown pid 37
2023-09-16 14:34:50,848 CRIT Supervisor is running as root.  Privileges were not dropped because no user is specified in the config file.  If you intend to run as root, you can set user=root in the config file to avoid this message.
2023-09-16 14:34:50,851 INFO supervisord started with pid 1
2023-09-16 14:34:51,854 INFO spawned: 'dspaceAngular' with pid 9
2023-09-16 14:34:53,211 INFO success: dspaceAngular entered RUNNING state, process has stayed up for > than 1 seconds (startsecs)
2023-09-16 14:56:11,562 WARN received SIGTERM indicating exit request
2023-09-16 14:56:11,563 INFO waiting for dspaceAngular to die
2023-09-16 14:56:11,577 INFO stopped: dspaceAngular (terminated by SIGTERM)
2023-09-16 14:56:11,577 INFO reaped unknown pid 39
2023-09-16 14:56:11,577 INFO reaped unknown pid 10
2023-09-16 14:56:11,578 INFO reaped unknown pid 38
2023-09-16 14:56:12,255 CRIT Supervisor is running as root.  Privileges were not dropped because no user is specified in the config file.  If you intend to run as root, you can set user=root in the config file to avoid this message.
2023-09-16 14:56:12,257 INFO supervisord started with pid 1
2023-09-16 14:56:13,260 INFO spawned: 'dspaceAngular' with pid 8
2023-09-16 14:56:14,707 INFO success: dspaceAngular entered RUNNING state, process has stayed up for > than 1 seconds (startsecs)
2023-09-16 15:08:58,654 WARN received SIGTERM indicating exit request
2023-09-16 15:08:58,655 INFO waiting for dspaceAngular to die
2023-09-16 15:08:58,676 INFO stopped: dspaceAngular (terminated by SIGTERM)
2023-09-16 15:08:58,677 INFO reaped unknown pid 38
2023-09-16 15:08:58,677 INFO reaped unknown pid 9
2023-09-16 15:08:58,677 INFO reaped unknown pid 37
2023-09-16 15:08:59,521 CRIT Supervisor is running as root.  Privileges were not dropped because no user is specified in the config file.  If you intend to run as root, you can set user=root in the config file to avoid this message.
2023-09-16 15:08:59,524 INFO supervisord started with pid 1
2023-09-16 15:09:00,527 INFO spawned: 'dspaceAngular' with pid 8
2023-09-16 15:09:01,893 INFO success: dspaceAngular entered RUNNING state, process has stayed up for > than 1 seconds (startsecs)
2023-09-16 15:13:34,097 WARN received SIGTERM indicating exit request
2023-09-16 15:13:34,098 INFO waiting for dspaceAngular to die
2023-09-16 15:13:34,111 INFO stopped: dspaceAngular (terminated by SIGTERM)
2023-09-16 15:13:34,111 INFO reaped unknown pid 38
2023-09-16 15:13:34,111 INFO reaped unknown pid 9
2023-09-16 15:13:34,111 INFO reaped unknown pid 37
2023-09-16 15:13:34,875 CRIT Supervisor is running as root.  Privileges were not dropped because no user is specified in the config file.  If you intend to run as root, you can set user=root in the config file to avoid this message.
2023-09-16 15:13:34,877 INFO supervisord started with pid 1
2023-09-16 15:13:35,880 INFO spawned: 'dspaceAngular' with pid 8
2023-09-16 15:13:37,277 INFO success: dspaceAngular entered RUNNING state, process has stayed up for > than 1 seconds (startsecs)
2023-09-16 18:35:22,429 WARN received SIGTERM indicating exit request
2023-09-16 18:35:22,432 INFO waiting for dspaceAngular to die
2023-09-16 18:35:22,463 INFO stopped: dspaceAngular (terminated by SIGTERM)
2023-09-16 18:35:22,463 INFO reaped unknown pid 38
2023-09-16 18:35:22,463 INFO reaped unknown pid 9
2023-09-16 18:35:22,463 INFO reaped unknown pid 37
2023-09-16 18:35:23,637 CRIT Supervisor is running as root.  Privileges were not dropped because no user is specified in the config file.  If you intend to run as root, you can set user=root in the config file to avoid this message.
2023-09-16 18:35:23,641 INFO supervisord started with pid 1
2023-09-16 18:35:24,643 INFO spawned: 'dspaceAngular' with pid 8
2023-09-16 18:35:25,834 INFO success: dspaceAngular entered RUNNING state, process has stayed up for > than 1 seconds (startsecs)
2023-09-16 18:55:19,882 WARN received SIGTERM indicating exit request
2023-09-16 18:55:19,883 INFO waiting for dspaceAngular to die
2023-09-16 18:55:19,896 INFO stopped: dspaceAngular (terminated by SIGTERM)
2023-09-16 18:55:19,896 INFO reaped unknown pid 38
2023-09-16 18:55:19,896 INFO reaped unknown pid 9
2023-09-16 18:55:19,896 INFO reaped unknown pid 37
2023-09-16 18:55:20,475 CRIT Supervisor is running as root.  Privileges were not dropped because no user is specified in the config file.  If you intend to run as root, you can set user=root in the config file to avoid this message.
2023-09-16 18:55:20,477 INFO supervisord started with pid 1
2023-09-16 18:55:21,480 INFO spawned: 'dspaceAngular' with pid 8
2023-09-16 18:55:22,530 INFO success: dspaceAngular entered RUNNING state, process has stayed up for > than 1 seconds (startsecs)
2023-09-25 14:35:14,852 WARN received SIGTERM indicating exit request
2023-09-25 14:35:14,855 INFO waiting for dspaceAngular to die
2023-09-25 14:35:14,898 INFO stopped: dspaceAngular (terminated by SIGTERM)
2023-09-25 14:35:14,898 INFO reaped unknown pid 38
2023-09-25 14:35:14,898 INFO reaped unknown pid 9
2023-09-25 14:35:14,898 INFO reaped unknown pid 37
2023-09-25 14:35:15,803 CRIT Supervisor is running as root.  Privileges were not dropped because no user is specified in the config file.  If you intend to run as root, you can set user=root in the config file to avoid this message.
2023-09-25 14:35:15,808 INFO supervisord started with pid 1
2023-09-25 14:35:16,810 INFO spawned: 'dspaceAngular' with pid 8
2023-09-25 14:35:18,379 INFO success: dspaceAngular entered RUNNING state, process has stayed up for > than 1 seconds (startsecs)
2023-09-25 16:19:42,646 WARN received SIGTERM indicating exit request
2023-09-25 16:19:42,646 INFO waiting for dspaceAngular to die
2023-09-25 16:19:42,660 INFO stopped: dspaceAngular (terminated by SIGTERM)
2023-09-25 16:19:42,660 INFO reaped unknown pid 38
2023-09-25 16:19:42,660 INFO reaped unknown pid 9
2023-09-25 16:19:42,660 INFO reaped unknown pid 37
2023-09-25 16:19:43,232 CRIT Supervisor is running as root.  Privileges were not dropped because no user is specified in the config file.  If you intend to run as root, you can set user=root in the config file to avoid this message.
2023-09-25 16:19:43,234 INFO supervisord started with pid 1
2023-09-25 16:19:44,236 INFO spawned: 'dspaceAngular' with pid 8
2023-09-25 16:19:45,300 INFO success: dspaceAngular entered RUNNING state, process has stayed up for > than 1 seconds (startsecs)
2023-09-25 16:45:39,767 WARN received SIGTERM indicating exit request
2023-09-25 16:45:39,767 INFO waiting for dspaceAngular to die
2023-09-25 16:45:39,786 INFO stopped: dspaceAngular (terminated by SIGTERM)
2023-09-25 16:45:39,786 INFO reaped unknown pid 38
2023-09-25 16:45:39,786 INFO reaped unknown pid 9
2023-09-25 16:45:39,786 INFO reaped unknown pid 37
2023-09-25 16:45:40,538 CRIT Supervisor is running as root.  Privileges were not dropped because no user is specified in the config file.  If you intend to run as root, you can set user=root in the config file to avoid this message.
2023-09-25 16:45:40,540 INFO supervisord started with pid 1
2023-09-25 16:45:41,542 INFO spawned: 'dspaceAngular' with pid 8
2023-09-25 16:45:42,627 INFO success: dspaceAngular entered RUNNING state, process has stayed up for > than 1 seconds (startsecs)
2023-09-25 16:52:13,090 WARN received SIGTERM indicating exit request
2023-09-25 16:52:13,092 INFO waiting for dspaceAngular to die
2023-09-25 16:52:13,119 INFO stopped: dspaceAngular (terminated by SIGTERM)
2023-09-25 16:52:13,119 INFO reaped unknown pid 38
2023-09-25 16:52:13,119 INFO reaped unknown pid 9
2023-09-25 16:52:13,119 INFO reaped unknown pid 37
2023-09-25 16:52:14,209 CRIT Supervisor is running as root.  Privileges were not dropped because no user is specified in the config file.  If you intend to run as root, you can set user=root in the config file to avoid this message.
2023-09-25 16:52:14,213 INFO supervisord started with pid 1
2023-09-25 16:52:15,215 INFO spawned: 'dspaceAngular' with pid 9
2023-09-25 16:52:16,354 INFO success: dspaceAngular entered RUNNING state, process has stayed up for > than 1 seconds (startsecs)
2023-09-25 18:01:07,406 WARN received SIGTERM indicating exit request
2023-09-25 18:01:07,407 INFO waiting for dspaceAngular to die
2023-09-25 18:01:07,420 INFO stopped: dspaceAngular (terminated by SIGTERM)
2023-09-25 18:01:07,420 INFO reaped unknown pid 39
2023-09-25 18:01:07,420 INFO reaped unknown pid 10
2023-09-25 18:01:07,421 INFO reaped unknown pid 38
2023-09-25 18:01:08,010 CRIT Supervisor is running as root.  Privileges were not dropped because no user is specified in the config file.  If you intend to run as root, you can set user=root in the config file to avoid this message.
2023-09-25 18:01:08,012 INFO supervisord started with pid 1
2023-09-25 18:01:09,014 INFO spawned: 'dspaceAngular' with pid 9
2023-09-25 18:01:10,082 INFO success: dspaceAngular entered RUNNING state, process has stayed up for > than 1 seconds (startsecs)
2023-09-25 18:16:27,536 WARN received SIGTERM indicating exit request
2023-09-25 18:16:27,538 INFO waiting for dspaceAngular to die
2023-09-25 18:16:27,563 INFO stopped: dspaceAngular (terminated by SIGTERM)
2023-09-25 18:16:27,563 INFO reaped unknown pid 39
2023-09-25 18:16:27,563 INFO reaped unknown pid 10
2023-09-25 18:16:27,563 INFO reaped unknown pid 38
2023-09-25 18:16:28,632 CRIT Supervisor is running as root.  Privileges were not dropped because no user is specified in the config file.  If you intend to run as root, you can set user=root in the config file to avoid this message.
2023-09-25 18:16:28,637 INFO supervisord started with pid 1
2023-09-25 18:16:29,639 INFO spawned: 'dspaceAngular' with pid 8
2023-09-25 18:16:30,774 INFO success: dspaceAngular entered RUNNING state, process has stayed up for > than 1 seconds (startsecs)
2023-09-26 09:41:10,105 WARN received SIGTERM indicating exit request
2023-09-26 09:41:10,107 INFO waiting for dspaceAngular to die
2023-09-26 09:41:10,137 INFO stopped: dspaceAngular (terminated by SIGTERM)
2023-09-26 09:41:10,137 INFO reaped unknown pid 38
2023-09-26 09:41:10,137 INFO reaped unknown pid 9
2023-09-26 09:41:10,137 INFO reaped unknown pid 37
2023-09-26 09:41:11,301 CRIT Supervisor is running as root.  Privileges were not dropped because no user is specified in the config file.  If you intend to run as root, you can set user=root in the config file to avoid this message.
2023-09-26 09:41:11,306 INFO supervisord started with pid 1
2023-09-26 09:41:12,309 INFO spawned: 'dspaceAngular' with pid 8
2023-09-26 09:41:13,467 INFO success: dspaceAngular entered RUNNING state, process has stayed up for > than 1 seconds (startsecs)
2023-09-26 09:54:01,015 WARN received SIGTERM indicating exit request
2023-09-26 09:54:01,017 INFO waiting for dspaceAngular to die
2023-09-26 09:54:01,047 INFO stopped: dspaceAngular (terminated by SIGTERM)
2023-09-26 09:54:01,047 INFO reaped unknown pid 38
2023-09-26 09:54:01,047 INFO reaped unknown pid 9
2023-09-26 09:54:01,047 INFO reaped unknown pid 37
2023-09-26 09:54:02,181 CRIT Supervisor is running as root.  Privileges were not dropped because no user is specified in the config file.  If you intend to run as root, you can set user=root in the config file to avoid this message.
2023-09-26 09:54:02,186 INFO supervisord started with pid 1
2023-09-26 09:54:03,189 INFO spawned: 'dspaceAngular' with pid 8
2023-09-26 09:54:04,463 INFO success: dspaceAngular entered RUNNING state, process has stayed up for > than 1 seconds (startsecs)
2023-09-26 09:59:23,448 WARN received SIGTERM indicating exit request
2023-09-26 09:59:23,449 INFO waiting for dspaceAngular to die
2023-09-26 09:59:23,468 INFO stopped: dspaceAngular (terminated by SIGTERM)
2023-09-26 09:59:23,468 INFO reaped unknown pid 38
2023-09-26 09:59:23,468 INFO reaped unknown pid 9
2023-09-26 09:59:23,468 INFO reaped unknown pid 37
2023-09-26 09:59:24,079 CRIT Supervisor is running as root.  Privileges were not dropped because no user is specified in the config file.  If you intend to run as root, you can set user=root in the config file to avoid this message.
2023-09-26 09:59:24,081 INFO supervisord started with pid 1
2023-09-26 09:59:25,084 INFO spawned: 'dspaceAngular' with pid 8
2023-09-26 09:59:26,159 INFO success: dspaceAngular entered RUNNING state, process has stayed up for > than 1 seconds (startsecs)
2023-09-26 10:05:20,001 WARN received SIGTERM indicating exit request
2023-09-26 10:05:20,003 INFO waiting for dspaceAngular to die
2023-09-26 10:05:20,029 INFO stopped: dspaceAngular (terminated by SIGTERM)
2023-09-26 10:05:20,029 INFO reaped unknown pid 38
2023-09-26 10:05:20,029 INFO reaped unknown pid 9
2023-09-26 10:05:20,029 INFO reaped unknown pid 37
2023-09-26 10:05:21,101 CRIT Supervisor is running as root.  Privileges were not dropped because no user is specified in the config file.  If you intend to run as root, you can set user=root in the config file to avoid this message.
2023-09-26 10:05:21,106 INFO supervisord started with pid 1
2023-09-26 10:05:22,108 INFO spawned: 'dspaceAngular' with pid 8
2023-09-26 10:05:23,259 INFO success: dspaceAngular entered RUNNING state, process has stayed up for > than 1 seconds (startsecs)
2023-09-26 14:01:13,254 WARN received SIGTERM indicating exit request
2023-09-26 14:01:13,254 INFO waiting for dspaceAngular to die
2023-09-26 14:01:13,271 INFO stopped: dspaceAngular (terminated by SIGTERM)
2023-09-26 14:01:13,271 INFO reaped unknown pid 38
2023-09-26 14:01:13,271 INFO reaped unknown pid 9
2023-09-26 14:01:13,271 INFO reaped unknown pid 37
2023-09-26 14:01:13,921 CRIT Supervisor is running as root.  Privileges were not dropped because no user is specified in the config file.  If you intend to run as root, you can set user=root in the config file to avoid this message.
2023-09-26 14:01:13,923 INFO supervisord started with pid 1
2023-09-26 14:01:14,926 INFO spawned: 'dspaceAngular' with pid 8
2023-09-26 14:01:16,338 INFO success: dspaceAngular entered RUNNING state, process has stayed up for > than 1 seconds (startsecs)
2023-09-27 15:05:50,288 WARN received SIGTERM indicating exit request
2023-09-27 15:05:50,290 INFO waiting for dspaceAngular to die
2023-09-27 15:05:50,312 INFO stopped: dspaceAngular (terminated by SIGTERM)
2023-09-27 15:05:50,312 INFO reaped unknown pid 38
2023-09-27 15:05:50,312 INFO reaped unknown pid 9
2023-09-27 15:05:50,312 INFO reaped unknown pid 37
2023-09-27 15:05:51,126 CRIT Supervisor is running as root.  Privileges were not dropped because no user is specified in the config file.  If you intend to run as root, you can set user=root in the config file to avoid this message.
2023-09-27 15:05:51,130 INFO supervisord started with pid 1
2023-09-27 15:05:52,133 INFO spawned: 'dspaceAngular' with pid 8
2023-09-27 15:05:53,273 INFO success: dspaceAngular entered RUNNING state, process has stayed up for > than 1 seconds (startsecs)
2023-09-27 15:24:03,755 WARN received SIGTERM indicating exit request
2023-09-27 15:24:03,756 INFO waiting for dspaceAngular to die
2023-09-27 15:24:03,779 INFO stopped: dspaceAngular (terminated by SIGTERM)
2023-09-27 15:24:03,779 INFO reaped unknown pid 38
2023-09-27 15:24:03,779 INFO reaped unknown pid 9
2023-09-27 15:24:03,779 INFO reaped unknown pid 37
2023-09-27 15:24:04,416 CRIT Supervisor is running as root.  Privileges were not dropped because no user is specified in the config file.  If you intend to run as root, you can set user=root in the config file to avoid this message.
2023-09-27 15:24:04,418 INFO supervisord started with pid 1
2023-09-27 15:24:05,420 INFO spawned: 'dspaceAngular' with pid 8
2023-09-27 15:24:06,491 INFO success: dspaceAngular entered RUNNING state, process has stayed up for > than 1 seconds (startsecs)
2023-10-21 15:19:18,610 WARN received SIGTERM indicating exit request
2023-10-21 15:19:18,618 INFO waiting for dspaceAngular to die
2023-10-21 15:19:18,714 INFO stopped: dspaceAngular (terminated by SIGTERM)
2023-10-21 15:19:18,714 INFO reaped unknown pid 38
2023-10-21 15:19:18,714 INFO reaped unknown pid 9
2023-10-21 15:19:18,714 INFO reaped unknown pid 37
2023-10-21 15:19:19,980 CRIT Supervisor is running as root.  Privileges were not dropped because no user is specified in the config file.  If you intend to run as root, you can set user=root in the config file to avoid this message.
2023-10-21 15:19:19,990 INFO supervisord started with pid 1
2023-10-21 15:19:20,992 INFO spawned: 'dspaceAngular' with pid 8
2023-10-21 15:19:22,283 INFO success: dspaceAngular entered RUNNING state, process has stayed up for > than 1 seconds (startsecs)
2023-10-25 11:05:21,954 WARN received SIGTERM indicating exit request
2023-10-25 11:05:21,962 INFO waiting for dspaceAngular to die
2023-10-25 11:05:22,052 INFO stopped: dspaceAngular (terminated by SIGTERM)
2023-10-25 11:05:22,052 INFO reaped unknown pid 38
2023-10-25 11:05:22,052 INFO reaped unknown pid 9
2023-10-25 11:05:22,052 INFO reaped unknown pid 37
2023-10-25 11:05:23,202 CRIT Supervisor is running as root.  Privileges were not dropped because no user is specified in the config file.  If you intend to run as root, you can set user=root in the config file to avoid this message.
2023-10-25 11:05:23,207 INFO supervisord started with pid 1
2023-10-25 11:05:24,210 INFO spawned: 'dspaceAngular' with pid 8
2023-10-25 11:05:25,528 INFO success: dspaceAngular entered RUNNING state, process has stayed up for > than 1 seconds (startsecs)
2023-10-25 11:05:25,612 INFO exited: dspaceAngular (exit status 1; not expected)
2023-10-25 11:17:31,900 WARN received SIGTERM indicating exit request
2023-10-25 11:17:32,813 CRIT Supervisor is running as root.  Privileges were not dropped because no user is specified in the config file.  If you intend to run as root, you can set user=root in the config file to avoid this message.
2023-10-25 11:17:32,820 INFO supervisord started with pid 1
2023-10-25 11:17:33,823 INFO spawned: 'dspaceAngular' with pid 7
2023-10-25 11:17:34,613 INFO exited: dspaceAngular (exit status 1; not expected)
2023-10-25 11:17:35,616 INFO spawned: 'dspaceAngular' with pid 44
2023-10-25 11:17:36,052 INFO exited: dspaceAngular (exit status 1; not expected)
2023-10-25 11:17:38,056 INFO spawned: 'dspaceAngular' with pid 81
2023-10-25 11:17:38,566 INFO exited: dspaceAngular (exit status 1; not expected)
2023-10-25 11:17:41,578 INFO spawned: 'dspaceAngular' with pid 118
2023-10-25 11:17:42,229 INFO exited: dspaceAngular (exit status 1; not expected)
2023-10-25 11:17:43,231 INFO gave up: dspaceAngular entered FATAL state, too many start retries too quickly
2023-10-25 11:22:38,541 WARN received SIGTERM indicating exit request
2023-10-25 11:22:39,581 CRIT Supervisor is running as root.  Privileges were not dropped because no user is specified in the config file.  If you intend to run as root, you can set user=root in the config file to avoid this message.
2023-10-25 11:22:39,587 INFO supervisord started with pid 1
2023-10-25 11:22:40,589 INFO spawned: 'dspaceAngular' with pid 8
2023-10-25 11:22:41,970 INFO success: dspaceAngular entered RUNNING state, process has stayed up for > than 1 seconds (startsecs)
2023-10-25 11:29:18,337 WARN received SIGTERM indicating exit request
2023-10-25 11:29:18,339 INFO waiting for dspaceAngular to die
2023-10-25 11:29:18,367 INFO stopped: dspaceAngular (terminated by SIGTERM)
2023-10-25 11:29:18,367 INFO reaped unknown pid 38
2023-10-25 11:29:18,367 INFO reaped unknown pid 9
2023-10-25 11:29:18,367 INFO reaped unknown pid 37
2023-10-25 11:29:19,393 CRIT Supervisor is running as root.  Privileges were not dropped because no user is specified in the config file.  If you intend to run as root, you can set user=root in the config file to avoid this message.
2023-10-25 11:29:19,396 INFO supervisord started with pid 1
2023-10-25 11:29:20,399 INFO spawned: 'dspaceAngular' with pid 8
2023-10-25 11:29:21,534 INFO success: dspaceAngular entered RUNNING state, process has stayed up for > than 1 seconds (startsecs)
2023-10-25 12:13:14,913 WARN received SIGTERM indicating exit request
2023-10-25 12:13:14,913 INFO waiting for dspaceAngular to die
2023-10-25 12:13:14,927 INFO stopped: dspaceAngular (terminated by SIGTERM)
2023-10-25 12:13:14,927 INFO reaped unknown pid 38
2023-10-25 12:13:14,927 INFO reaped unknown pid 9
2023-10-25 12:13:14,927 INFO reaped unknown pid 37
2023-10-25 12:13:15,515 CRIT Supervisor is running as root.  Privileges were not dropped because no user is specified in the config file.  If you intend to run as root, you can set user=root in the config file to avoid this message.
2023-10-25 12:13:15,517 INFO supervisord started with pid 1
2023-10-25 12:13:16,519 INFO spawned: 'dspaceAngular' with pid 8
2023-10-25 12:13:17,583 INFO success: dspaceAngular entered RUNNING state, process has stayed up for > than 1 seconds (startsecs)
2023-10-25 14:45:10,687 WARN received SIGTERM indicating exit request
2023-10-25 14:45:10,688 INFO waiting for dspaceAngular to die
2023-10-25 14:45:10,702 INFO stopped: dspaceAngular (terminated by SIGTERM)
2023-10-25 14:45:10,702 INFO reaped unknown pid 38
2023-10-25 14:45:10,702 INFO reaped unknown pid 9
2023-10-25 14:45:10,702 INFO reaped unknown pid 37
2023-10-25 14:45:11,295 CRIT Supervisor is running as root.  Privileges were not dropped because no user is specified in the config file.  If you intend to run as root, you can set user=root in the config file to avoid this message.
2023-10-25 14:45:11,297 INFO supervisord started with pid 1
2023-10-25 14:45:12,299 INFO spawned: 'dspaceAngular' with pid 8
2023-10-25 14:45:13,363 INFO success: dspaceAngular entered RUNNING state, process has stayed up for > than 1 seconds (startsecs)
